make: Entering directory '/home/yash/Projects_Local/synced_watch/node_modules/uws/build'
  CXX(target) Release/obj.target/uws/src/Extensions.o
  CXX(target) Release/obj.target/uws/src/Group.o
  CXX(target) Release/obj.target/uws/src/Networking.o
  CXX(target) Release/obj.target/uws/src/Hub.o
  CXX(target) Release/obj.target/uws/src/Node.o
  CXX(target) Release/obj.target/uws/src/WebSocket.o
  CXX(target) Release/obj.target/uws/src/HTTPSocket.o
  CXX(target) Release/obj.target/uws/src/Socket.o
  CXX(target) Release/obj.target/uws/src/addon.o
In file included from ../src/addon.cpp:3:0:
../src/http.h: In static member function ‘static void HttpServer::Response::writeHead(const v8::FunctionCallbackInfo<v8::Value>&)’:
../src/http.h:149:39: warning: comparison between signed and unsigned integer expressions [-Wsign-compare]
                     for (int i = 0; i < headers->Length(); i++) {
                                       ^
  SOLINK_MODULE(target) Release/obj.target/uws.node
/usr/bin/ld: cannot find /usr/local/cuda-8.0/lib64/: File format not recognized
collect2: error: ld returned 1 exit status
uws.target.mk:121: recipe for target 'Release/obj.target/uws.node' failed
make: *** [Release/obj.target/uws.node] Error 1
make: Leaving directory '/home/yash/Projects_Local/synced_watch/node_modules/uws/build'
gyp ERR! build error 
gyp ERR! stack Error: `make` failed with exit code: 2
gyp ERR! stack     at ChildProcess.onExit (/usr/share/node-gyp/lib/build.js:269:23)
gyp ERR! stack     at emitTwo (events.js:87:13)
gyp ERR! stack     at ChildProcess.emit (events.js:172:7)
gyp ERR! stack     at Process.ChildProcess._handle.onexit (internal/child_process.js:200:12)
gyp ERR! System Linux 4.4.0-93-generic
gyp ERR! command "/usr/bin/nodejs" "/usr/bin/node-gyp" "rebuild"
gyp ERR! cwd /home/yash/Projects_Local/synced_watch/node_modules/uws
gyp ERR! node -v v4.2.6
gyp ERR! node-gyp -v v3.0.3
gyp ERR! not ok 
